app/build/outputs/mapping/release/mapping.txt
# compiler: R8
# compiler_version: 8.5.10
# min_api: 19
# common_typos_disable
# {"id":"com.android.tools.r8.mapping","version":"2.2"}
# pg_map_id: 26de897
# pg_map_hash: SHA-256 26de89715adb1aff40dee1f21a78e1f794462301046bbbf0d97ef8c39db1c7c6
io.github.felixim0.twa.Application -> io.github.felixim0.twa.Application:
# {"id":"sourceFile","fileName":"Application.java"}
io.github.felixim0.twa.DelegationService -> io.github.felixim0.twa.DelegationService:
# {"id":"sourceFile","fileName":"DelegationService.java"}
io.github.felixim0.twa.LauncherActivity -> io.github.felixim0.twa.LauncherActivity:
# {"id":"sourceFile","fileName":"LauncherActivity.java"}
    1:1:android.net.Uri getLaunchingUrl():0:0 -> h
...
com.google.androidbrowserhelper.trusted.TwaLauncher$$ExternalSyntheticLambda0 -> n.C:
# {"id":"sourceFile","fileName":"R8$$SyntheticClass"}
# {"id":"com.android.tools.r8.synthesized"}
    1:1:void n.TwaLauncher$$ExternalSyntheticLambda0.<init>():0:0 -> <init>
      # {"id":"com.android.tools.r8.synthesized"}
    1:1:void n.TwaLauncher$$ExternalSyntheticLambda0.launch(android.content.Context,f.TrustedWebActivityIntentBuilder,java.lang.String,java.lang.Runnable):0:0 -> a
      # {"id":"com.android.tools.r8.synthesized"}
      # {"id":"com.android.tools.r8.residualsignature","signature":"(Landroid/content/Context;Lf/q;Ljava/lang/String;Ljava/lang/Runnable;)V"}
com.google.androidbrowserhelper.trusted.TwaLauncher$$ExternalSyntheticLambda1 -> n.D:
# {"id":"sourceFile","fileName":"R8$$SyntheticClass"}
# {"id":"com.android.tools.r8.synthesized"}
    1:1:void n.TwaLauncher$$ExternalSyntheticLambda1.<init>():0:0 -> <init>
      # {"id":"com.android.tools.r8.synthesized"}
    1:1:void n.TwaLauncher$$ExternalSyntheticLambda1.launch(android.content.Context,f.TrustedWebActivityIntentBuilder,java.lang.String,java.lang.Runnable):0:0 -> a
      # {"id":"com.android.tools.r8.synthesized"}
      # {"id":"com.android.tools.r8.residualsignature","signature":"(Landroid/content/Context;Lf/q;Ljava/lang/String;Ljava/lang/Runnable;)V"}
com.google.androidbrowserhelper.trusted.TwaLauncher$$ExternalSyntheticLambda2 -> n.E:
# {"id":"sourceFile","fileName":"R8$$SyntheticClass"}
# {"id":"com.android.tools.r8.synthesized"}
    com.google.androidbrowserhelper.trusted.TwaLauncher com.google.androidbrowserhelper.trusted.TwaLauncher$$InternalSyntheticLambda$2$d24b8e084a7d2f55c169bb96fa355584b63e8b3b4fa4e1f5c82aab7fb52fc48c$0.f$0 -> a
      # {"id":"com.android.tools.r8.residualsignature","signature":"Ln/H;"}
      # {"id":"com.android.tools.r8.synthesized"}
    androidx.browser.trusted.TrustedWebActivityIntentBuilder com.google.androidbrowserhelper.trusted.TwaLauncher$$InternalSyntheticLambda$2$d24b8e084a7d2f55c169bb96fa355584b63e8b3b4fa4e1f5c82aab7fb52fc48c$0.f$1 -> b
      # {"id":"com.android.tools.r8.residualsignature","signature":"Lf/q;"}
      # {"id":"com.android.tools.r8.synthesized"}
    com.google.androidbrowserhelper.trusted.splashscreens.SplashScreenStrategy com.google.androidbrowserhelper.trusted.TwaLauncher$$InternalSyntheticLambda$2$d24b8e084a7d2f55c169bb96fa355584b63e8b3b4fa4e1f5c82aab7fb52fc48c$0.f$2 -> c
      # {"id":"com.android.tools.r8.residualsignature","signature":"Lo/e;"}
      # {"id":"com.android.tools.r8.synthesized"}
    java.lang.Runnable com.google.androidbrowserhelper.trusted.TwaLauncher$$InternalSyntheticLambda$2$d24b8e084a7d2f55c169bb96fa355584b63e8b3b4fa4e1f5c82aab7fb52fc48c$0.f$3 -> d
      # {"id":"com.android.tools.r8.synthesized"}