app/build/outputs/mapping/release/usage.txt
io.github.felixim0.twa.R$bool
io.github.felixim0.twa.R$color
io.github.felixim0.twa.R$drawable
io.github.felixim0.twa.R$integer
io.github.felixim0.twa.R$mipmap
io.github.felixim0.twa.R$raw
io.github.felixim0.twa.R$string
io.github.felixim0.twa.R$xml
io.github.felixim0.twa.R
...
androidx.concurrent.futures.AbstractResolvableFuture$Failure
androidx.concurrent.futures.AbstractResolvableFuture$Listener
androidx.concurrent.futures.AbstractResolvableFuture$SafeAtomicHelper
androidx.concurrent.futures.AbstractResolvableFuture$SetFuture
androidx.concurrent.futures.AbstractResolvableFuture$SynchronizedHelper
androidx.concurrent.futures.AbstractResolvableFuture$Waiter
androidx.concurrent.futures.AbstractResolvableFuture
androidx.concurrent.futures.CallbackToFutureAdapter$Completer
androidx.concurrent.futures.CallbackToFutureAdapter$FutureGarbageCollectedException
androidx.concurrent.futures.CallbackToFutureAdapter$Resolver
androidx.concurrent.futures.CallbackToFutureAdapter$SafeFuture$1
androidx.concurrent.futures.CallbackToFutureAdapter$SafeFuture
androidx.concurrent.futures.CallbackToFutureAdapter
androidx.concurrent.futures.DirectExecutor
androidx.concurrent.futures.ResolvableFuture
androidx.core.R$attr
androidx.core.R$color
androidx.core.R$dimen
androidx.core.R$drawable
androidx.core.R$id
androidx.core.R$integer
androidx.core.R$layout
androidx.core.R$string
androidx.core.R$style
androidx.core.R$styleable
androidx.core.R
androidx.core.accessibilityservice.AccessibilityServiceInfoCompat
androidx.core.app.ActivityCompat$PermissionCompatDelegate:
    public abstract boolean onActivityResult(android.app.Activity,int,int,android.content.Intent)
androidx.core.app.ActivityCompat$SharedElementCallback21Impl$1
androidx.core.app.ActivityCompat$SharedElementCallback21Impl
androidx.core.app.ActivityCompat:
    protected void <init>()
    public static void finishAffinity(android.app.Activity)
    public static void finishAfterTransition(android.app.Activity)
    public static androidx.core.app.ActivityCompat$PermissionCompatDelegate getPermissionCompatDelegate()
    public static android.net.Uri getReferrer(android.app.Activity)
    public static boolean invalidateOptionsMenu(android.app.Activity)
    public static void postponeEnterTransition(android.app.Activity)
    public static void recreate(android.app.Activity)
    public static androidx.core.view.DragAndDropPermissionsCompat requestDragAndDropPermissions(android.app.Activity,android.view.DragEvent)
    public static android.view.View requireViewById(android.app.Activity,int)
    public static void setEnterSharedElementCallback(android.app.Activity,androidx.core.app.SharedElementCallback)
    public static void setExitSharedElementCallback(android.app.Activity,androidx.core.app.SharedElementCallback)
    public static void setPermissionCompatDelegate(androidx.core.app.ActivityCompat$PermissionCompatDelegate)
    public static boolean shouldShowRequestPermissionRationale(android.app.Activity,java.lang.String)
    public static void startActivityForResult(android.app.Activity,android.content.Intent,int,android.os.Bundle)
    public static void startIntentSenderForResult(android.app.Activity,android.content.IntentSender,int,android.content.Intent,int,int,int,android.os.Bundle)
androidx.core.app.ActivityManagerCompat
androidx.core.app.ActivityOptionsCompat$ActivityOptionsCompatImpl
androidx.core.app.ActivityOptionsCompat
androidx.core.app.ActivityRecreator$1
androidx.core.app.ActivityRecreator$2
androidx.core.app.ActivityRecreator$3
androidx.core.app.ActivityRecreator$LifecycleCheckCallbacks
androidx.core.app.ActivityRecreator
androidx.core.app.AlarmManagerCompat
androidx.core.app.AppComponentFactory
androidx.core.app.AppLaunchChecker
androidx.core.app.AppOpsManagerCompat
androidx.core.app.BundleCompat$BundleCompatBaseImpl:
    private static final java.lang.String TAG
    private static java.lang.reflect.Method sGetIBinderMethod
    private static boolean sGetIBinderMethodFetched
    private void <init>()
    public static android.os.IBinder getBinder(android.os.Bundle,java.lang.String)
androidx.core.app.BundleCompat:
    private void <init>()
    public static android.os.IBinder getBinder(android.os.Bundle,java.lang.String)